Traceback (most recent call last):
  File "/Users/phil/a50037/envs/jbenv/lib/python3.7/site-packages/jupyter_cache/executors/basic.py", line 163, in execute
    executenb(nb_bundle.nb, cwd=tmpdirname, timeout=timeout)
  File "/Users/phil/a50037/envs/jbenv/lib/python3.7/site-packages/nbconvert/preprocessors/execute.py", line 737, in executenb
    return ep.preprocess(nb, resources, km=km)[0]
  File "/Users/phil/a50037/envs/jbenv/lib/python3.7/site-packages/nbconvert/preprocessors/execute.py", line 405, in preprocess
    nb, resources = super(ExecutePreprocessor, self).preprocess(nb, resources)
  File "/Users/phil/a50037/envs/jbenv/lib/python3.7/site-packages/nbconvert/preprocessors/base.py", line 69, in preprocess
    nb.cells[index], resources = self.preprocess_cell(cell, resources, index)
  File "/Users/phil/a50037/envs/jbenv/lib/python3.7/site-packages/nbconvert/preprocessors/execute.py", line 448, in preprocess_cell
    raise CellExecutionError.from_cell_and_msg(cell, out)
nbconvert.preprocessors.execute.CellExecutionError: An error occurred while executing the following cell:
------------------
num_input = -1
while num_input < 0:
    str_input = input('Enter a positive number: ')
    num_input = float(str_input)
------------------

[0;31m---------------------------------------------------------------------------[0m
[0;31mStdinNotImplementedError[0m                  Traceback (most recent call last)
[0;32m<ipython-input-2-b68fa367b48d>[0m in [0;36m<module>[0;34m[0m
[1;32m      1[0m [0mnum_input[0m [0;34m=[0m [0;34m-[0m[0;36m1[0m[0;34m[0m[0;34m[0m[0m
[1;32m      2[0m [0;32mwhile[0m [0mnum_input[0m [0;34m<[0m [0;36m0[0m[0;34m:[0m[0;34m[0m[0;34m[0m[0m
[0;32m----> 3[0;31m     [0mstr_input[0m [0;34m=[0m [0minput[0m[0;34m([0m[0;34m'Enter a positive number: '[0m[0;34m)[0m[0;34m[0m[0;34m[0m[0m
[0m[1;32m      4[0m     [0mnum_input[0m [0;34m=[0m [0mfloat[0m[0;34m([0m[0mstr_input[0m[0;34m)[0m[0;34m[0m[0;34m[0m[0m

[0;32m~/a50037/envs/jbenv/lib/python3.7/site-packages/ipykernel/kernelbase.py[0m in [0;36mraw_input[0;34m(self, prompt)[0m
[1;32m    856[0m         [0;32mif[0m [0;32mnot[0m [0mself[0m[0;34m.[0m[0m_allow_stdin[0m[0;34m:[0m[0;34m[0m[0;34m[0m[0m
[1;32m    857[0m             raise StdinNotImplementedError(
[0;32m--> 858[0;31m                 [0;34m"raw_input was called, but this frontend does not support input requests."[0m[0;34m[0m[0;34m[0m[0m
[0m[1;32m    859[0m             )
[1;32m    860[0m         return self._input_request(str(prompt),

[0;31mStdinNotImplementedError[0m: raw_input was called, but this frontend does not support input requests.
StdinNotImplementedError: raw_input was called, but this frontend does not support input requests.

